{
  "stats": {
    "suites": 1,
    "tests": 4,
    "passes": 3,
    "pending": 0,
    "failures": 1,
    "start": "2021-11-01T01:16:47.134Z",
    "end": "2021-11-01T01:17:01.501Z",
    "duration": 14367,
    "testsRegistered": 4,
    "passPercent": 75,
    "pendingPercent": 0,
    "other": 0,
    "hasOther": false,
    "skipped": 0,
    "hasSkipped": false
  },
  "results": [
    {
      "uuid": "7c1b552b-b7b4-4a80-855d-95d71d95f428",
      "title": "",
      "fullFile": "cypress/integration/authentication.spec.js",
      "file": "cypress/integration/authentication.spec.js",
      "beforeHooks": [],
      "afterHooks": [],
      "tests": [],
      "suites": [
        {
          "uuid": "3c628692-2c86-42fe-997b-acc203bb799b",
          "title": "Authentication page",
          "fullFile": "",
          "file": "",
          "beforeHooks": [],
          "afterHooks": [],
          "tests": [
            {
              "title": "Creating a new account",
              "fullTitle": "Authentication page Creating a new account",
              "timedOut": null,
              "duration": 5617,
              "state": "passed",
              "speed": "slow",
              "pass": true,
              "fail": false,
              "pending": false,
              "context": null,
              "code": "cy.visit(Cypress.config('baseUrl'));\ncy.get('.login').click();\ncy.get('input[name=email_create]').type(faker.internet.email().toLowerCase());\ncy.get('button[name=SubmitCreate]').click();\ncy.get('div.account_creation h3.page-subheading').contains('personal').should('have.text', 'Your personal information');",
              "err": {},
              "uuid": "c9728419-e1df-462d-9c35-47a8fba6b540",
              "parentUUID": "3c628692-2c86-42fe-997b-acc203bb799b",
              "isHook": false,
              "skipped": false
            },
            {
              "title": "Personal Information data",
              "fullTitle": "Authentication page Personal Information data",
              "timedOut": null,
              "duration": 1599,
              "state": "passed",
              "speed": "slow",
              "pass": true,
              "fail": false,
              "pending": false,
              "context": null,
              "code": "//\tcy.visit(Cypress.config('baseUrl'))\ncy.get('input#id_gender1').check();\ncy.get('input[name=customer_firstname]').type(faker.name.firstName());\ncy.get('input[name=customer_lastname]').type(faker.name.lastName());\ncy.get('input[name=passwd').type(faker.internet.password());\ncy.get('select#days').select('2');\ncy.get('select#months').select('May');\ncy.get('select#years').select('1990');",
              "err": {},
              "uuid": "30d1089e-5579-49ce-80d2-3ff75f50b3a0",
              "parentUUID": "3c628692-2c86-42fe-997b-acc203bb799b",
              "isHook": false,
              "skipped": false
            },
            {
              "title": "Your Adress data",
              "fullTitle": "Authentication page Your Adress data",
              "timedOut": null,
              "duration": 2856,
              "state": "passed",
              "speed": "slow",
              "pass": true,
              "fail": false,
              "pending": false,
              "context": null,
              "code": "cy.get('input#firstname').type(faker.name.firstName());\ncy.get('input#lastname').type(faker.name.lastName());\ncy.get('input#address1').type(faker.address.streetAddress());\ncy.get('input#city').type(faker.address.city());\ncy.get('select#id_country').select('United States');\ncy.get('select#id_state').select('Georgia');\ncy.get('input#postcode').type(faker.address.zipCode());\ncy.get('input#phone_mobile').type(faker.phone.phoneNumber('0165#######'));\ncy.get('button#submitAccount').click();",
              "err": {},
              "uuid": "d70a9bd7-8f39-4cd0-86f3-aef4ad67a2a6",
              "parentUUID": "3c628692-2c86-42fe-997b-acc203bb799b",
              "isHook": false,
              "skipped": false
            },
            {
              "title": "Account successfully created",
              "fullTitle": "Authentication page Account successfully created",
              "timedOut": null,
              "duration": 4197,
              "state": "failed",
              "speed": null,
              "pass": false,
              "fail": true,
              "pending": false,
              "context": null,
              "code": "cy.url().should('eq', Cypress.config().baseUrl + 'index.php?controller=my-account');",
              "err": {
                "message": "AssertionError: Timed out retrying after 4000ms: expected 'http://automationpractice.com/index.php?controller=authentication' to equal 'http://automationpractice.com/index.php?controller=my-account'",
                "estack": "AssertionError: Timed out retrying after 4000ms: expected 'http://automationpractice.com/index.php?controller=authentication' to equal 'http://automationpractice.com/index.php?controller=my-account'\n    at Context.eval (http://automationpractice.com/__cypress/tests?p=cypress/integration/authentication.spec.js:132:14)",
                "diff": "- 'http://automationpractice.com/index.php?controller=authentication'\n+ 'http://automationpractice.com/index.php?controller=my-account'\n"
              },
              "uuid": "5e2fbfa4-9522-4f99-b0fd-4db7439283bd",
              "parentUUID": "3c628692-2c86-42fe-997b-acc203bb799b",
              "isHook": false,
              "skipped": false
            }
          ],
          "suites": [],
          "passes": [
            "c9728419-e1df-462d-9c35-47a8fba6b540",
            "30d1089e-5579-49ce-80d2-3ff75f50b3a0",
            "d70a9bd7-8f39-4cd0-86f3-aef4ad67a2a6"
          ],
          "failures": [
            "5e2fbfa4-9522-4f99-b0fd-4db7439283bd"
          ],
          "pending": [],
          "skipped": [],
          "duration": 14269,
          "root": false,
          "rootEmpty": false,
          "_timeout": 2000
        }
      ],
      "passes": [],
      "failures": [],
      "pending": [],
      "skipped": [],
      "duration": 0,
      "root": true,
      "rootEmpty": true,
      "_timeout": 2000
    }
  ],
  "meta": {
    "mocha": {
      "version": "7.0.1"
    },
    "mochawesome": {
      "options": {
        "quiet": true,
        "reportFilename": "mochawesome",
        "saveHtml": false,
        "saveJson": true,
        "consoleReporter": "spec",
        "useInlineDiffs": false,
        "code": true
      },
      "version": "6.3.1"
    },
    "marge": {
      "options": {
        "id": "default",
        "reportDir": "mochawesome-report",
        "quiet": true,
        "overwrite": false,
        "html": false,
        "json": true
      },
      "version": "5.2.0"
    }
  }
}