{
  "stats": {
    "suites": 1,
    "tests": 1,
    "passes": 1,
    "pending": 0,
    "failures": 0,
    "start": "2021-11-02T11:00:20.454Z",
    "end": "2021-11-02T11:00:36.632Z",
    "duration": 16178,
    "testsRegistered": 1,
    "passPercent": 100,
    "pendingPercent": 0,
    "other": 0,
    "hasOther": false,
    "skipped": 0,
    "hasSkipped": false
  },
  "results": [
    {
      "uuid": "e2cd1966-9462-4da9-866e-5fb303a30ada",
      "title": "",
      "fullFile": "cypress/integration/authentication.spec.js",
      "file": "cypress/integration/authentication.spec.js",
      "beforeHooks": [],
      "afterHooks": [],
      "tests": [],
      "suites": [
        {
          "uuid": "828e0ead-9eb8-4b45-81a0-6d37e31abd94",
          "title": "Authentication page",
          "fullFile": "",
          "file": "",
          "beforeHooks": [],
          "afterHooks": [],
          "tests": [
            {
              "title": "Creating a new account",
              "fullTitle": "Authentication page Creating a new account",
              "timedOut": null,
              "duration": 16150,
              "state": "passed",
              "speed": "slow",
              "pass": true,
              "fail": false,
              "pending": false,
              "context": null,
              "code": "cy.visit(\"/\");\ncy.get(\".login\").click();\ncy.get(\"input[name=email_create]\").type(faker.internet.email().toLowerCase());\ncy.get(\"button[name=SubmitCreate]\").click();\ncy.url().should(\"include\", \"account-creation\");\ncy.log(\"**Personal Information data**\");\ncy.get(\"input#id_gender1\").check();\ncy.get(\"input[name=customer_firstname]\").type(faker.name.firstName());\ncy.get(\"input[name=customer_lastname]\").type(faker.name.lastName());\ncy.get(\"input[name=passwd\").type(faker.internet.password());\ncy.get(\"select#days\").select(\"2\");\ncy.get(\"select#months\").select(\"May\");\ncy.get(\"select#years\").select(\"1990\");\ncy.log(\"**Your Adress data**\");\ncy.get(\"input#firstname\").type(faker.name.firstName());\ncy.get(\"input#lastname\").type(faker.name.lastName());\ncy.get(\"input#address1\").type(faker.address.streetAddress());\ncy.get(\"input#city\").type(faker.address.city());\ncy.get(\"select#id_country\").select(\"United States\");\ncy.get(\"select#id_state\").select(\"Georgia\");\ncy.get(\"input#postcode\").type(faker.address.zipCode(\"#####\"));\ncy.get(\"input#phone_mobile\").type(faker.phone.phoneNumber(\"0165#######\"));\ncy.get(\"button#submitAccount\").click();\ncy.log(\"**Account successfully created**\");\ncy.url().should(\"eq\", Cypress.config().baseUrl + \"index.php?controller=my-account\");",
              "err": {},
              "uuid": "ab40e3c8-cc07-40a7-955e-e22eb4e17846",
              "parentUUID": "828e0ead-9eb8-4b45-81a0-6d37e31abd94",
              "isHook": false,
              "skipped": false
            }
          ],
          "suites": [],
          "passes": [
            "ab40e3c8-cc07-40a7-955e-e22eb4e17846"
          ],
          "failures": [],
          "pending": [],
          "skipped": [],
          "duration": 16150,
          "root": false,
          "rootEmpty": false,
          "_timeout": 2000
        }
      ],
      "passes": [],
      "failures": [],
      "pending": [],
      "skipped": [],
      "duration": 0,
      "root": true,
      "rootEmpty": true,
      "_timeout": 2000
    }
  ],
  "meta": {
    "mocha": {
      "version": "7.0.1"
    },
    "mochawesome": {
      "options": {
        "quiet": true,
        "reportFilename": "mochawesome",
        "saveHtml": false,
        "saveJson": true,
        "consoleReporter": "spec",
        "useInlineDiffs": false,
        "code": true
      },
      "version": "6.3.1"
    },
    "marge": {
      "options": {
        "id": "default",
        "reportDir": "mochawesome-report",
        "quiet": true,
        "overwrite": false,
        "html": false,
        "json": true
      },
      "version": "5.2.0"
    }
  }
}