{
  "stats": {
    "suites": 1,
    "tests": 4,
    "passes": 4,
    "pending": 0,
    "failures": 0,
    "start": "2021-11-01T01:55:03.824Z",
    "end": "2021-11-01T01:55:18.110Z",
    "duration": 14286,
    "testsRegistered": 4,
    "passPercent": 100,
    "pendingPercent": 0,
    "other": 0,
    "hasOther": false,
    "skipped": 0,
    "hasSkipped": false
  },
  "results": [
    {
      "uuid": "8460cfc9-8769-475a-af83-4053bd36fe02",
      "title": "",
      "fullFile": "cypress/integration/authentication.spec.js",
      "file": "cypress/integration/authentication.spec.js",
      "beforeHooks": [],
      "afterHooks": [],
      "tests": [],
      "suites": [
        {
          "uuid": "dd11a207-e65c-4b56-aa33-0185b25f9688",
          "title": "Authentication page",
          "fullFile": "",
          "file": "",
          "beforeHooks": [],
          "afterHooks": [],
          "tests": [
            {
              "title": "Creating a new account",
              "fullTitle": "Authentication page Creating a new account",
              "timedOut": null,
              "duration": 8669,
              "state": "passed",
              "speed": "slow",
              "pass": true,
              "fail": false,
              "pending": false,
              "context": null,
              "code": "cy.visit(Cypress.config('baseUrl'));\ncy.get('.login').click();\ncy.get('input[name=email_create]').type(faker.internet.email().toLowerCase());\ncy.get('button[name=SubmitCreate]').click();\ncy.get('div.account_creation h3.page-subheading').contains('personal').should('have.text', 'Your personal information');",
              "err": {},
              "uuid": "77108782-65cc-4934-9439-7b0248d60342",
              "parentUUID": "dd11a207-e65c-4b56-aa33-0185b25f9688",
              "isHook": false,
              "skipped": false
            },
            {
              "title": "Personal Information data",
              "fullTitle": "Authentication page Personal Information data",
              "timedOut": null,
              "duration": 1535,
              "state": "passed",
              "speed": "slow",
              "pass": true,
              "fail": false,
              "pending": false,
              "context": null,
              "code": "//\tcy.visit(Cypress.config('baseUrl'))\ncy.get('input#id_gender1').check();\ncy.get('input[name=customer_firstname]').type(faker.name.firstName());\ncy.get('input[name=customer_lastname]').type(faker.name.lastName());\ncy.get('input[name=passwd').type(faker.internet.password());\ncy.get('select#days').select('2');\ncy.get('select#months').select('May');\ncy.get('select#years').select('1990');",
              "err": {},
              "uuid": "5bede376-05be-409d-baeb-a9f97e351531",
              "parentUUID": "dd11a207-e65c-4b56-aa33-0185b25f9688",
              "isHook": false,
              "skipped": false
            },
            {
              "title": "Your Adress data",
              "fullTitle": "Authentication page Your Adress data",
              "timedOut": null,
              "duration": 1980,
              "state": "passed",
              "speed": "slow",
              "pass": true,
              "fail": false,
              "pending": false,
              "context": null,
              "code": "cy.get('input#firstname').type(faker.name.firstName());\ncy.get('input#lastname').type(faker.name.lastName());\ncy.get('input#address1').type(faker.address.streetAddress());\ncy.get('input#city').type(faker.address.city());\ncy.get('select#id_country').select('United States');\ncy.get('select#id_state').select('Georgia');\ncy.get('input#postcode').type(faker.address.zipCode('#####'));\ncy.get('input#phone_mobile').type(faker.phone.phoneNumber('0165#######'));",
              "err": {},
              "uuid": "c6cd03e1-5c79-48c9-99be-9c6b87b8ccfd",
              "parentUUID": "dd11a207-e65c-4b56-aa33-0185b25f9688",
              "isHook": false,
              "skipped": false
            },
            {
              "title": "Account successfully created",
              "fullTitle": "Authentication page Account successfully created",
              "timedOut": null,
              "duration": 2038,
              "state": "passed",
              "speed": "slow",
              "pass": true,
              "fail": false,
              "pending": false,
              "context": null,
              "code": "cy.intercept('GET', '**index.php?controller=my-account').as(\"myAccount\");\ncy.get('button#submitAccount').click();\ncy.wait(\"@myAccount\");\ncy.get(\"@myAccount\").then(resMyaccont => {\n  console.log(resMyaccont);\n  expect(resMyaccont.response.statusCode).to.eq(200);\n});\ncy.url().should('eq', Cypress.config().baseUrl + 'index.php?controller=my-account');",
              "err": {},
              "uuid": "7aa22f99-d1d3-4077-9871-61537854c93c",
              "parentUUID": "dd11a207-e65c-4b56-aa33-0185b25f9688",
              "isHook": false,
              "skipped": false
            }
          ],
          "suites": [],
          "passes": [
            "77108782-65cc-4934-9439-7b0248d60342",
            "5bede376-05be-409d-baeb-a9f97e351531",
            "c6cd03e1-5c79-48c9-99be-9c6b87b8ccfd",
            "7aa22f99-d1d3-4077-9871-61537854c93c"
          ],
          "failures": [],
          "pending": [],
          "skipped": [],
          "duration": 14222,
          "root": false,
          "rootEmpty": false,
          "_timeout": 2000
        }
      ],
      "passes": [],
      "failures": [],
      "pending": [],
      "skipped": [],
      "duration": 0,
      "root": true,
      "rootEmpty": true,
      "_timeout": 2000
    }
  ],
  "meta": {
    "mocha": {
      "version": "7.0.1"
    },
    "mochawesome": {
      "options": {
        "quiet": true,
        "reportFilename": "mochawesome",
        "saveHtml": false,
        "saveJson": true,
        "consoleReporter": "spec",
        "useInlineDiffs": false,
        "code": true
      },
      "version": "6.3.1"
    },
    "marge": {
      "options": {
        "id": "default",
        "reportDir": "mochawesome-report",
        "quiet": true,
        "overwrite": false,
        "html": false,
        "json": true
      },
      "version": "5.2.0"
    }
  }
}