{
  "stats": {
    "suites": 1,
    "tests": 1,
    "passes": 0,
    "pending": 0,
    "failures": 1,
    "start": "2021-11-02T15:46:46.223Z",
    "end": "2021-11-02T15:47:15.214Z",
    "duration": 28991,
    "testsRegistered": 1,
    "passPercent": 0,
    "pendingPercent": 0,
    "other": 0,
    "hasOther": false,
    "skipped": 0,
    "hasSkipped": false
  },
  "results": [
    {
      "uuid": "d5ff835b-d596-4d7c-ba75-36c249822edd",
      "title": "",
      "fullFile": "cypress/integration/authentication.spec.js",
      "file": "cypress/integration/authentication.spec.js",
      "beforeHooks": [],
      "afterHooks": [],
      "tests": [],
      "suites": [
        {
          "uuid": "47b599b3-334d-4b8c-b7e5-24886d80c977",
          "title": "Authentication page",
          "fullFile": "",
          "file": "",
          "beforeHooks": [],
          "afterHooks": [],
          "tests": [
            {
              "title": "Creating a new account",
              "fullTitle": "Authentication page Creating a new account",
              "timedOut": null,
              "duration": 28925,
              "state": "failed",
              "speed": null,
              "pass": false,
              "fail": true,
              "pending": false,
              "context": null,
              "code": "cy.visit('/');\ncy.get('.login').click();\ncy.get('input[name=email_create]').type(faker.internet.email().toLowerCase());\ncy.get('button[name=SubmitCreate]').click();\ncy.url().should('include', 'account-creation');\ncy.log('**Personal Information data**');\ncy.get('input#id_gender1').check();\ncy.get('input[name=customer_firstname]').type(faker.name.firstName());\ncy.get('input[name=customer_lastname]').type(faker.name.lastName());\ncy.get('input[name=passwd').type(faker.internet.password());\ncy.get('select#days').select('2');\ncy.get('select#months').select('May');\ncy.get('select#years').select('1990');\ncy.log('**Your Adress data**');\ncy.get('input#firstname').type(faker.name.firstName());\ncy.get('input#lastname').type(faker.name.lastName());\ncy.get('input#address1').type(faker.address.streetAddress());\ncy.get('input#city').type(faker.address.city());\ncy.get('select#id_country').select('United States');\ncy.get('select#id_state').select('Georgia');\ncy.get('input#postcode').type(faker.address.zipCode('#####'));\ncy.get('input#phone_mobile').type(faker.phone.phoneNumber('0165#######'));\ncy.get('button#submitAccount').click();\ncy.log('**Account successfully created**');\ncy.url().should('eq', Cypress.config().baseUrl + 'index.php?controller=my-account');",
              "err": {
                "message": "AssertionError: Timed out retrying after 4000ms: expected 'http://automationpractice.com/index.php?controller=authentication&back=my-account' to include 'account-creation'",
                "estack": "AssertionError: Timed out retrying after 4000ms: expected 'http://automationpractice.com/index.php?controller=authentication&back=my-account' to include 'account-creation'\n    at Context.eval (http://automationpractice.com/__cypress/tests?p=cypress/integration/authentication.spec.js:108:14)",
                "diff": null
              },
              "uuid": "0289bec1-114b-438e-a0ca-1007d46914ab",
              "parentUUID": "47b599b3-334d-4b8c-b7e5-24886d80c977",
              "isHook": false,
              "skipped": false
            }
          ],
          "suites": [],
          "passes": [],
          "failures": [
            "0289bec1-114b-438e-a0ca-1007d46914ab"
          ],
          "pending": [],
          "skipped": [],
          "duration": 28925,
          "root": false,
          "rootEmpty": false,
          "_timeout": 2000
        }
      ],
      "passes": [],
      "failures": [],
      "pending": [],
      "skipped": [],
      "duration": 0,
      "root": true,
      "rootEmpty": true,
      "_timeout": 2000
    }
  ],
  "meta": {
    "mocha": {
      "version": "7.0.1"
    },
    "mochawesome": {
      "options": {
        "quiet": true,
        "reportFilename": "mochawesome",
        "saveHtml": false,
        "saveJson": true,
        "consoleReporter": "spec",
        "useInlineDiffs": false,
        "code": true
      },
      "version": "6.3.1"
    },
    "marge": {
      "options": {
        "id": "default",
        "reportDir": "mochawesome-report",
        "quiet": true,
        "overwrite": false,
        "html": false,
        "json": true
      },
      "version": "5.2.0"
    }
  }
}